<?xml version="1.0" encoding="UTF-8"?>
<testng-results ignored="0" total="1" passed="1" failed="0" skipped="0">
  <reporter-output>
  </reporter-output>
  <suite started-at="2021-01-28T02:41:28 ART" name="Default suite" finished-at="2021-01-28T02:41:37 ART" duration-ms="8631">
    <groups>
    </groups>
    <test started-at="2021-01-28T02:41:28 ART" name="Default test" finished-at="2021-01-28T02:41:37 ART" duration-ms="8631">
      <class name="Tests.test">
        <test-method signature="verifyHomepageTitle()[pri:0, instance:Tests.test@50cf5a23]" started-at="2021-01-28T02:41:28 ART" name="verifyHomepageTitle" finished-at="2021-01-28T02:41:37 ART" duration-ms="8568" status="PASS">
          <reporter-output>
          </reporter-output>
        </test-method> <!-- verifyHomepageTitle -->
      </class> <!-- Tests.test -->
    </test> <!-- Default test -->
  </suite> <!-- Default suite -->
</testng-results>
